<?xml version="1.0" encoding="UTF-8"?>
<!-- Generated by org.testng.reporters.JUnitXMLReporter -->
<testsuite hostname="5CG5120QW5" ignored="0" name="Test" tests="7" failures="0" timestamp="29 May 2018 04:09:40 GMT" time="0.067" errors="0">
  <testcase name="arrayCopyTest" time="0.009" classname="arrays.MyArrayCopy"/>
  <testcase name="arrayEqualsTest" time="0.001" classname="arrays.MyArrayDeepEquals"/>
  <testcase name="arrayListTest" time="0.003" classname="arrays.ArraysToList"/>
  <testcase name="TestPlaindrome" time="0.002" classname="javaexercise.palindromeTest"/>
  <testcase name="ArraySortTest" time="0.002" classname="arrays.MyArraySort"/>
  <testcase name="binarySearchTest" time="0.0" classname="arrays.BinarySearchOnCharArray"/>
  <testcase name="arrayFillTest" time="0.001" classname="arrays.MyArrayFill"/>
</testsuite> <!-- Test -->
