<?xml version="1.0" encoding="UTF-8"?>
<testng-results skipped="0" failed="0" ignored="0" total="1" passed="1">
  <reporter-output>
  </reporter-output>
  <suite name="Default suite" duration-ms="47" started-at="2018-05-29T06:59:53Z" finished-at="2018-05-29T06:59:53Z">
    <groups>
    </groups>
    <test name="Default test" duration-ms="47" started-at="2018-05-29T06:59:53Z" finished-at="2018-05-29T06:59:53Z">
      <class name="arrays.MyArraySort">
        <test-method status="PASS" signature="ArraySortTest()[pri:0, instance:arrays.MyArraySort@643b1d11]" name="ArraySortTest" duration-ms="16" started-at="2018-05-29T06:59:53Z" finished-at="2018-05-29T06:59:53Z">
          <reporter-output>
          </reporter-output>
        </test-method> <!-- ArraySortTest -->
      </class> <!-- arrays.MyArraySort -->
    </test> <!-- Default test -->
  </suite> <!-- Default suite -->
</testng-results>
